<?xml version="1.0" encoding="UTF-8"?>
<testsuite name="infix.InfixTest" tests="1" skipped="0" failures="0" errors="0" timestamp="2019-10-10T03:03:47" hostname="RC-V103-26" time="0.003">
  <properties/>
  <testcase name="testConvertToPostfix" classname="infix.InfixTest" time="0.003"/>
  <system-out><![CDATA[]]></system-out>
  <system-err><![CDATA[]]></system-err>
</testsuite>
