<?xml version="1.0" encoding="UTF-8"?>
<testsuite name="infix.PostfixTest" tests="1" skipped="0" failures="0" errors="0" timestamp="2019-10-03T03:28:43" hostname="RC-V103-26" time="0.002">
  <properties/>
  <testcase name="testConvertToPostfix" classname="infix.PostfixTest" time="0.002"/>
  <system-out><![CDATA[]]></system-out>
  <system-err><![CDATA[]]></system-err>
</testsuite>
