<?xml version="1.0" encoding="UTF-8"?>
<testsuite name="weather.WeatherTest" tests="2" skipped="0" failures="0" errors="0" timestamp="2019-11-21T04:33:24" hostname="RC-V103-26" time="0.0">
  <properties/>
  <testcase name="testWeatherZipcode" classname="weather.WeatherTest" time="0.0"/>
  <testcase name="testWeatherBadZipcode" classname="weather.WeatherTest" time="0.0"/>
  <system-out><![CDATA[]]></system-out>
  <system-err><![CDATA[]]></system-err>
</testsuite>
