<?xml version="1.0" encoding="UTF-8"?>
<testsuite name="src.LineDoubleTest" tests="3" skipped="0" failures="0" errors="0" timestamp="2019-09-26T02:54:13" hostname="RC-V103-26" time="0.009">
  <properties/>
  <testcase name="outputLine" classname="src.LineDoubleTest" time="0.008"/>
  <testcase name="addLine" classname="src.LineDoubleTest" time="0.0"/>
  <testcase name="removeLine" classname="src.LineDoubleTest" time="0.0"/>
  <system-out><![CDATA[]]></system-out>
  <system-err><![CDATA[]]></system-err>
</testsuite>
