<?xml version="1.0" encoding="UTF-8"?>
<testsuite name="infix.InfixTest" tests="1" skipped="0" failures="0" errors="0" timestamp="2019-10-31T03:34:18" hostname="RC-V103-26" time="0.004">
  <properties/>
  <testcase name="testConvertToPostfix" classname="infix.InfixTest" time="0.004"/>
  <system-out><![CDATA[]]></system-out>
  <system-err><![CDATA[]]></system-err>
</testsuite>
