<?xml version="1.0" encoding="UTF-8"?>
<testsuite name="src.LineTest" tests="1" skipped="0" failures="0" errors="0" timestamp="2019-09-19T03:25:49" hostname="RC-V103-26" time="0.009">
  <properties/>
  <testcase name="iteratorNext" classname="src.LineTest" time="0.009"/>
  <system-out><![CDATA[]]></system-out>
  <system-err><![CDATA[]]></system-err>
</testsuite>
