<?xml version="1.0" encoding="UTF-8"?>
<testsuite name="src.HelloWorldTest" tests="1" skipped="0" failures="0" errors="0" timestamp="2019-09-05T05:46:54" hostname="LAPTOP-ESQUI78I" time="0.004">
  <properties/>
  <testcase name="HelloWorld" classname="src.HelloWorldTest" time="0.004"/>
  <system-out><![CDATA[]]></system-out>
  <system-err><![CDATA[]]></system-err>
</testsuite>
